<?xml version="1.0" encoding="UTF-8"?>
<!-- Generated by org.testng.reporters.JUnitXMLReporter -->
<testsuite ignored="0" hostname="F4X194LWM6" failures="4" tests="6" name="WebScraping Tests-1" time="16.323" errors="0" timestamp="2024-12-24T17:34:50 IST">
  <testcase classname="WebScrapingTest" name="acceptWebsiteNotice" time="0.199">
    <failure type="java.lang.AssertionError" message="Assertion Failed:
Expected:		but found:	https://elpais.com/ expected [https://elpais.com/] but found []">
      <![CDATA[java.lang.AssertionError: Assertion Failed:
Expected:but found:https://elpais.com/ expected [https://elpais.com/] but found []
at WebScrapingTest.acceptWebsiteNotice(WebScrapingTest.java:46)
at java.base/java.util.ArrayList.forEach(ArrayList.java:1511)
at java.base/java.util.concurrent.FutureTask.run(FutureTask.java:264)
at java.base/java.util.concurrent.ThreadPoolExecutor.runWorker(ThreadPoolExecutor.java:1136)
at java.base/java.util.concurrent.ThreadPoolExecutor$Worker.run(ThreadPoolExecutor.java:635)
at java.base/java.lang.Thread.run(Thread.java:842)
... Removed 22 stack frames]]>
    </failure>
  </testcase> <!-- acceptWebsiteNotice -->
  <testcase classname="WebScrapingTest" name="analyseTranslatedHeaders" time="0.013">
    <failure type="java.lang.NullPointerException" message="Cannot invoke &amp;quot;java.util.List.isEmpty()&amp;quot; because &amp;quot;this.translatedHeaders&amp;quot; is null">
      <![CDATA[java.lang.NullPointerException: Cannot invoke "java.util.List.isEmpty()" because "this.translatedHeaders" is null
at WebScrapingTest.analyseTranslatedHeaders(WebScrapingTest.java:156)
at java.base/java.util.ArrayList.forEach(ArrayList.java:1511)
at java.base/java.util.concurrent.FutureTask.run(FutureTask.java:264)
at java.base/java.util.concurrent.ThreadPoolExecutor.runWorker(ThreadPoolExecutor.java:1136)
at java.base/java.util.concurrent.ThreadPoolExecutor$Worker.run(ThreadPoolExecutor.java:635)
at java.base/java.lang.Thread.run(Thread.java:842)
... Removed 17 stack frames]]>
    </failure>
  </testcase> <!-- analyseTranslatedHeaders -->
  <testcase classname="WebScrapingTest" name="navigateToWebsite" time="6.707"/>
  <testcase classname="WebScrapingTest" name="scrapeArticles" time="0.247">
    <failure type="org.openqa.selenium.WebDriverException" message="Build info: version: &amp;apos;4.27.0&amp;apos;, revision: &amp;apos;d6e718d134&amp;apos;
System info: os.name: &amp;apos;Mac OS X&amp;apos;, os.arch: &amp;apos;aarch64&amp;apos;, os.version: &amp;apos;15.0&amp;apos;, java.version: &amp;apos;17.0.9&amp;apos;
Driver info: org.openqa.selenium.chrome.ChromeDriver
Command: [bebda00c997055f248ec5e87fb5ce83bf3172368, clickElement {id=node-301CDDD2-4FEA-46EA-A467-1061C0A5989E}]
Capabilities {acceptInsecureCerts: false, browserName: Safari, browserVersion: 15.6.1, optimalHubUrl: hub-aps.browserstack.com, platformName: mac, safari:automaticInspection: false, safari:automaticProfiling: false, safari:diagnose: false, safari:platformBuildVersion: 21G83, safari:platformVersion: 12.5.1, safari:useSimulator: false, setWindowRect: true, strictFileInteractability: false, webdriver.remote.sessionid: bebda00c997055f248ec5e87fb5..., webkit:WebRTC: {DisableICECandidateFiltering: false, DisableInsecureMediaCapture: false}}
Element: [[ChromeDriver: Safari on mac (bebda00c997055f248ec5e87fb5ce83bf3172368)] -&amp;gt; xpath: //div[@id=&amp;apos;csw&amp;apos;]/div[1] //div/a]
Session ID: bebda00c997055f248ec5e87fb5ce83bf3172368">
      <![CDATA[org.openqa.selenium.WebDriverException: Build info: version: '4.27.0', revision: 'd6e718d134'
System info: os.name: 'Mac OS X', os.arch: 'aarch64', os.version: '15.0', java.version: '17.0.9'
Driver info: org.openqa.selenium.chrome.ChromeDriver
Command: [bebda00c997055f248ec5e87fb5ce83bf3172368, clickElement {id=node-301CDDD2-4FEA-46EA-A467-1061C0A5989E}]
Capabilities {acceptInsecureCerts: false, browserName: Safari, browserVersion: 15.6.1, optimalHubUrl: hub-aps.browserstack.com, platformName: mac, safari:automaticInspection: false, safari:automaticProfiling: false, safari:diagnose: false, safari:platformBuildVersion: 21G83, safari:platformVersion: 12.5.1, safari:useSimulator: false, setWindowRect: true, strictFileInteractability: false, webdriver.remote.sessionid: bebda00c997055f248ec5e87fb5..., webkit:WebRTC: {DisableICECandidateFiltering: false, DisableInsecureMediaCapture: false}}
Element: [[ChromeDriver: Safari on mac (bebda00c997055f248ec5e87fb5ce83bf3172368)] -> xpath: //div[@id='csw']/div[1] //div/a]
Session ID: bebda00c997055f248ec5e87fb5ce83bf3172368
at org.openqa.selenium.remote.ErrorCodec.decode(ErrorCodec.java:167)
at org.openqa.selenium.remote.codec.w3c.W3CHttpResponseCodec.decode(W3CHttpResponseCodec.java:138)
at org.openqa.selenium.remote.codec.w3c.W3CHttpResponseCodec.decode(W3CHttpResponseCodec.java:50)
at org.openqa.selenium.remote.HttpCommandExecutor.execute(HttpCommandExecutor.java:190)
at org.openqa.selenium.remote.RemoteWebDriver.execute(RemoteWebDriver.java:545)
at org.openqa.selenium.remote.RemoteWebElement.execute(RemoteWebElement.java:223)
at org.openqa.selenium.remote.RemoteWebElement.click(RemoteWebElement.java:76)
at WebScrapingTest.scrapeArticles(WebScrapingTest.java:82)
at java.base/java.util.ArrayList.forEach(ArrayList.java:1511)
at java.base/java.util.concurrent.FutureTask.run(FutureTask.java:264)
at java.base/java.util.concurrent.ThreadPoolExecutor.runWorker(ThreadPoolExecutor.java:1136)
at java.base/java.util.concurrent.ThreadPoolExecutor$Worker.run(ThreadPoolExecutor.java:635)
at java.base/java.lang.Thread.run(Thread.java:842)
... Removed 22 stack frames]]>
    </failure>
  </testcase> <!-- scrapeArticles -->
  <testcase classname="WebScrapingTest" name="translateArticleHeaders" time="0.023">
    <failure type="java.lang.NullPointerException" message="Cannot invoke &amp;quot;java.util.List.isEmpty()&amp;quot; because &amp;quot;this.headersToTranslate&amp;quot; is null">
      <![CDATA[java.lang.NullPointerException: Cannot invoke "java.util.List.isEmpty()" because "this.headersToTranslate" is null
at WebScrapingTest.translateArticleHeaders(WebScrapingTest.java:133)
at java.base/java.util.ArrayList.forEach(ArrayList.java:1511)
at java.base/java.util.concurrent.FutureTask.run(FutureTask.java:264)
at java.base/java.util.concurrent.ThreadPoolExecutor.runWorker(ThreadPoolExecutor.java:1136)
at java.base/java.util.concurrent.ThreadPoolExecutor$Worker.run(ThreadPoolExecutor.java:635)
at java.base/java.lang.Thread.run(Thread.java:842)
... Removed 17 stack frames]]>
    </failure>
  </testcase> <!-- translateArticleHeaders -->
  <testcase classname="WebScrapingTest" name="verifyLanguage" time="0.12"/>
</testsuite> <!-- WebScraping Tests-1 -->
