<?xml version="1.0" encoding="UTF-8"?>
<!-- Generated by org.testng.reporters.JUnitXMLReporter -->
<testsuite ignored="0" hostname="F4X194LWM6" failures="2" tests="6" name="WebScraping Tests-2" time="38.343" errors="0" timestamp="2024-12-24T17:35:12 IST">
  <testcase classname="WebScrapingTest" name="acceptWebsiteNotice" time="0.32">
    <failure type="java.lang.AssertionError" message="Assertion Failed:
Expected:	about:///	but found:	https://elpais.com/ expected [https://elpais.com/] but found [about:///]">
      <![CDATA[java.lang.AssertionError: Assertion Failed:
Expected:about:///but found:https://elpais.com/ expected [https://elpais.com/] but found [about:///]
at WebScrapingTest.acceptWebsiteNotice(WebScrapingTest.java:46)
at java.base/java.util.ArrayList.forEach(ArrayList.java:1511)
at java.base/java.util.concurrent.FutureTask.run(FutureTask.java:264)
at java.base/java.util.concurrent.ThreadPoolExecutor.runWorker(ThreadPoolExecutor.java:1136)
at java.base/java.util.concurrent.ThreadPoolExecutor$Worker.run(ThreadPoolExecutor.java:635)
at java.base/java.lang.Thread.run(Thread.java:842)
... Removed 22 stack frames]]>
    </failure>
  </testcase> <!-- acceptWebsiteNotice -->
  <testcase classname="WebScrapingTest" name="analyseTranslatedHeaders" time="0.017">
    <failure type="java.lang.NullPointerException" message="Cannot invoke &amp;quot;java.util.List.isEmpty()&amp;quot; because &amp;quot;this.translatedHeaders&amp;quot; is null">
      <![CDATA[java.lang.NullPointerException: Cannot invoke "java.util.List.isEmpty()" because "this.translatedHeaders" is null
at WebScrapingTest.analyseTranslatedHeaders(WebScrapingTest.java:156)
at java.base/java.util.ArrayList.forEach(ArrayList.java:1511)
at java.base/java.util.concurrent.FutureTask.run(FutureTask.java:264)
at java.base/java.util.concurrent.ThreadPoolExecutor.runWorker(ThreadPoolExecutor.java:1136)
at java.base/java.util.concurrent.ThreadPoolExecutor$Worker.run(ThreadPoolExecutor.java:635)
at java.base/java.lang.Thread.run(Thread.java:842)
... Removed 17 stack frames]]>
    </failure>
  </testcase> <!-- analyseTranslatedHeaders -->
  <testcase classname="WebScrapingTest" name="navigateToWebsite" time="6.405"/>
  <testcase classname="WebScrapingTest" name="scrapeArticles" time="7.793"/>
  <testcase classname="WebScrapingTest" name="translateArticleHeaders" time="2.965"/>
  <testcase classname="WebScrapingTest" name="verifyLanguage" time="0.209"/>
</testsuite> <!-- WebScraping Tests-2 -->
