<?xml version="1.0" encoding="UTF-8"?>
<!-- Generated by org.testng.reporters.JUnitXMLReporter -->
<testsuite ignored="0" hostname="F4X194LWM6" failures="4" tests="6" name="WebScraping Tests-0" time="18.123" errors="0" timestamp="2024-12-24T17:34:53 IST">
  <testcase classname="WebScrapingTest" name="acceptWebsiteNotice" time="0.226">
    <failure type="java.lang.AssertionError" message="Assertion Failed:
Expected:	data:,	but found:	https://elpais.com/ expected [https://elpais.com/] but found [data:,]">
      <![CDATA[java.lang.AssertionError: Assertion Failed:
Expected:data:,but found:https://elpais.com/ expected [https://elpais.com/] but found [data:,]
at WebScrapingTest.acceptWebsiteNotice(WebScrapingTest.java:46)
at java.base/java.util.ArrayList.forEach(ArrayList.java:1511)
at java.base/java.util.concurrent.FutureTask.run(FutureTask.java:264)
at java.base/java.util.concurrent.ThreadPoolExecutor.runWorker(ThreadPoolExecutor.java:1136)
at java.base/java.util.concurrent.ThreadPoolExecutor$Worker.run(ThreadPoolExecutor.java:635)
at java.base/java.lang.Thread.run(Thread.java:842)
... Removed 22 stack frames]]>
    </failure>
  </testcase> <!-- acceptWebsiteNotice -->
  <testcase classname="WebScrapingTest" name="analyseTranslatedHeaders" time="0.014">
    <failure type="java.lang.NullPointerException" message="Cannot invoke &amp;quot;java.util.List.isEmpty()&amp;quot; because &amp;quot;this.translatedHeaders&amp;quot; is null">
      <![CDATA[java.lang.NullPointerException: Cannot invoke "java.util.List.isEmpty()" because "this.translatedHeaders" is null
at WebScrapingTest.analyseTranslatedHeaders(WebScrapingTest.java:156)
at java.base/java.util.ArrayList.forEach(ArrayList.java:1511)
at java.base/java.util.concurrent.FutureTask.run(FutureTask.java:264)
at java.base/java.util.concurrent.ThreadPoolExecutor.runWorker(ThreadPoolExecutor.java:1136)
at java.base/java.util.concurrent.ThreadPoolExecutor$Worker.run(ThreadPoolExecutor.java:635)
at java.base/java.lang.Thread.run(Thread.java:842)
... Removed 17 stack frames]]>
    </failure>
  </testcase> <!-- analyseTranslatedHeaders -->
  <testcase classname="WebScrapingTest" name="navigateToWebsite" time="7.111"/>
  <testcase classname="WebScrapingTest" name="scrapeArticles" time="1.788">
    <failure type="org.openqa.selenium.ElementClickInterceptedException" message="element click intercepted: Element &amp;lt;a href=&amp;quot;https://elpais.com/opinion/&amp;quot; class=&amp;quot;&amp;quot; data-mrf-link=&amp;quot;https://elpais.com/opinion/&amp;quot; cmp-ltrk=&amp;quot;portada_menu&amp;quot; cmp-ltrk-idx=&amp;quot;1&amp;quot; mrfobservableid=&amp;quot;9173f051-a3aa-49f8-a0aa-aef4afa97b93&amp;quot;&amp;gt;...&amp;lt;/a&amp;gt; is not clickable at point (509, 443). Other element would receive the click: &amp;lt;div class=&amp;quot;blockNavigation&amp;quot;&amp;gt;&amp;lt;/div&amp;gt;
  (Session info: chrome=120.0.6099.63)
Build info: version: &amp;apos;4.27.0&amp;apos;, revision: &amp;apos;d6e718d134&amp;apos;
System info: os.name: &amp;apos;Mac OS X&amp;apos;, os.arch: &amp;apos;aarch64&amp;apos;, os.version: &amp;apos;15.0&amp;apos;, java.version: &amp;apos;17.0.9&amp;apos;
Driver info: org.openqa.selenium.chrome.ChromeDriver
Command: [b825de0409bb916370764eedc6f5ba5059d8ebd7, clickElement {id=D3BBB8C8699434A20EA94BB566FF82A1_element_27}]
Capabilities {acceptInsecureCerts: false, browserName: chrome, browserVersion: 120.0.6099.63, chrome: {chromedriverVersion: 120.0.6099.62 (93ab19d804d4..., userDataDir: C:\Windows\proxy\scoped_dir...}, fedcm:accounts: true, goog:chromeOptions: {debuggerAddress: localhost:3120}, networkConnectionEnabled: false, optimalHubUrl: hub-aps.browserstack.com, pageLoadStrategy: normal, platformName: windows, proxy: Proxy(), setWindowRect: true, strictFileInteractability: false, timeouts: {implicit: 0, pageLoad: 300000, script: 30000}, unhandledPromptBehavior: dismiss and notify, webauthn:extension:credBlob: true, webauthn:extension:largeBlob: true, webauthn:extension:minPinLength: true, webauthn:extension:prf: true, webauthn:virtualAuthenticators: true, webdriver.remote.sessionid: b825de0409bb916370764eedc6f...}
Element: [[ChromeDriver: chrome on windows (b825de0409bb916370764eedc6f5ba5059d8ebd7)] -&amp;gt; xpath: //div[@id=&amp;apos;csw&amp;apos;]/div[1] //div/a]
Session ID: b825de0409bb916370764eedc6f5ba5059d8ebd7">
      <![CDATA[org.openqa.selenium.ElementClickInterceptedException: element click intercepted: Element <a href="https://elpais.com/opinion/" class="" data-mrf-link="https://elpais.com/opinion/" cmp-ltrk="portada_menu" cmp-ltrk-idx="1" mrfobservableid="9173f051-a3aa-49f8-a0aa-aef4afa97b93">...</a> is not clickable at point (509, 443). Other element would receive the click: <div class="blockNavigation"></div>
  (Session info: chrome=120.0.6099.63)
Build info: version: '4.27.0', revision: 'd6e718d134'
System info: os.name: 'Mac OS X', os.arch: 'aarch64', os.version: '15.0', java.version: '17.0.9'
Driver info: org.openqa.selenium.chrome.ChromeDriver
Command: [b825de0409bb916370764eedc6f5ba5059d8ebd7, clickElement {id=D3BBB8C8699434A20EA94BB566FF82A1_element_27}]
Capabilities {acceptInsecureCerts: false, browserName: chrome, browserVersion: 120.0.6099.63, chrome: {chromedriverVersion: 120.0.6099.62 (93ab19d804d4..., userDataDir: C:\Windows\proxy\scoped_dir...}, fedcm:accounts: true, goog:chromeOptions: {debuggerAddress: localhost:3120}, networkConnectionEnabled: false, optimalHubUrl: hub-aps.browserstack.com, pageLoadStrategy: normal, platformName: windows, proxy: Proxy(), setWindowRect: true, strictFileInteractability: false, timeouts: {implicit: 0, pageLoad: 300000, script: 30000}, unhandledPromptBehavior: dismiss and notify, webauthn:extension:credBlob: true, webauthn:extension:largeBlob: true, webauthn:extension:minPinLength: true, webauthn:extension:prf: true, webauthn:virtualAuthenticators: true, webdriver.remote.sessionid: b825de0409bb916370764eedc6f...}
Element: [[ChromeDriver: chrome on windows (b825de0409bb916370764eedc6f5ba5059d8ebd7)] -> xpath: //div[@id='csw']/div[1] //div/a]
Session ID: b825de0409bb916370764eedc6f5ba5059d8ebd7
at org.openqa.selenium.remote.ErrorCodec.decode(ErrorCodec.java:167)
at org.openqa.selenium.remote.codec.w3c.W3CHttpResponseCodec.decode(W3CHttpResponseCodec.java:138)
at org.openqa.selenium.remote.codec.w3c.W3CHttpResponseCodec.decode(W3CHttpResponseCodec.java:50)
at org.openqa.selenium.remote.HttpCommandExecutor.execute(HttpCommandExecutor.java:190)
at org.openqa.selenium.remote.RemoteWebDriver.execute(RemoteWebDriver.java:545)
at org.openqa.selenium.remote.RemoteWebElement.execute(RemoteWebElement.java:223)
at org.openqa.selenium.remote.RemoteWebElement.click(RemoteWebElement.java:76)
at WebScrapingTest.scrapeArticles(WebScrapingTest.java:82)
at java.base/java.util.ArrayList.forEach(ArrayList.java:1511)
at java.base/java.util.concurrent.FutureTask.run(FutureTask.java:264)
at java.base/java.util.concurrent.ThreadPoolExecutor.runWorker(ThreadPoolExecutor.java:1136)
at java.base/java.util.concurrent.ThreadPoolExecutor$Worker.run(ThreadPoolExecutor.java:635)
at java.base/java.lang.Thread.run(Thread.java:842)
... Removed 22 stack frames]]>
    </failure>
  </testcase> <!-- scrapeArticles -->
  <testcase classname="WebScrapingTest" name="translateArticleHeaders" time="0.023">
    <failure type="java.lang.NullPointerException" message="Cannot invoke &amp;quot;java.util.List.isEmpty()&amp;quot; because &amp;quot;this.headersToTranslate&amp;quot; is null">
      <![CDATA[java.lang.NullPointerException: Cannot invoke "java.util.List.isEmpty()" because "this.headersToTranslate" is null
at WebScrapingTest.translateArticleHeaders(WebScrapingTest.java:133)
at java.base/java.util.ArrayList.forEach(ArrayList.java:1511)
at java.base/java.util.concurrent.FutureTask.run(FutureTask.java:264)
at java.base/java.util.concurrent.ThreadPoolExecutor.runWorker(ThreadPoolExecutor.java:1136)
at java.base/java.util.concurrent.ThreadPoolExecutor$Worker.run(ThreadPoolExecutor.java:635)
at java.base/java.lang.Thread.run(Thread.java:842)
... Removed 17 stack frames]]>
    </failure>
  </testcase> <!-- translateArticleHeaders -->
  <testcase classname="WebScrapingTest" name="verifyLanguage" time="0.168"/>
</testsuite> <!-- WebScraping Tests-0 -->
